<?xml version="1.0" encoding="UTF-8"?>
<!-- Generated by org.testng.reporters.JUnitXMLReporter -->
<testsuite ignored="0" hostname="LAPTOP-C79DELEP" failures="0" tests="5" name="Test" time="286.9" errors="0" timestamp="2021-09-13T12:24:49 IST">
  <testcase classname="com.RepIn.accounts.DeleteAccountTest" name="verify" time="132.405"/>
  <testcase classname="com.RepIn.leads.CreateLeadsTest" name="verify" time="47.861"/>
  <testcase classname="com.RepIn.accounts.EditRecentItems" name="verify" time="40.472"/>
  <testcase classname="com.RepIn.accounts.CreateAccountTest" name="verify" time="28.677"/>
  <testcase classname="com.RepIn.leads.EditLeadTest" name="verify" time="37.34"/>
</testsuite> <!-- Test -->
