<?xml version="1.0" encoding="UTF-8"?>
<testng-results ignored="0" total="1" passed="1" failed="0" skipped="0">
  <reporter-output>
  </reporter-output>
  <suite started-at="2021-09-14T11:35:11 IST" name="Default suite" finished-at="2021-09-14T11:35:36 IST" duration-ms="25106">
    <groups>
    </groups>
    <test started-at="2021-09-14T11:35:11 IST" name="Default test" finished-at="2021-09-14T11:35:36 IST" duration-ms="25106">
      <class name="com.RepIn.accounts.CreateAccountTest">
        <test-method signature="verify()[pri:0, instance:com.RepIn.accounts.CreateAccountTest@3ce1e309]" started-at="2021-09-14T11:35:11 IST" name="verify" finished-at="2021-09-14T11:35:36 IST" duration-ms="24937" status="PASS">
          <reporter-output>
          </reporter-output>
        </test-method> <!-- verify -->
      </class> <!-- com.RepIn.accounts.CreateAccountTest -->
    </test> <!-- Default test -->
  </suite> <!-- Default suite -->
</testng-results>
